<?xml version='1.0' encoding='UTF-8'?>
<testsuite hostname="kinder-pingui" name="solver.approximation.Approximation" tests="5" errors="0" failures="1" skipped="0" time="0.137" timestamp="2026-06-10T20:54:23">
          <properties>
[...]
</properties>
          <testcase classname="solver.approximation.Approximation" name="Методы никогда не должны выбрасывать исключения" time="0.08">
                      
                    </testcase><testcase classname="solver.approximation.Approximation" name="MSE всегда неотрицательно" time="0.013">
                      
                    </testcase><testcase classname="solver.approximation.Approximation" name="Коэффициент детерминации R^2 не должен превышать 1" time="0.01">
                      
                    </testcase><testcase classname="solver.approximation.Approximation" name="Log и Grade должны корректно обрабатывать невалидные данные" time="0.002">
                      
                    </testcase><testcase classname="solver.approximation.Approximation" name="Методы должны возвращать ошибку, если данные вырожденные (все X одинаковы)" time="0.032">
                      <failure message="GeneratorDrivenPropertyCheckFailedException was thrown during property evaluation.
 (Approximation.scala:74)
  Falsified after 5 successful property evaluations.
  Location: (Approximation.scala:74)
  Occurred when passed generated values (
    arg0 = List(Point(8.516050622038968, 1.0), Point(8.516050622038968, 1.0), Point(8.516050622038968, 1.0), Point(8.516050622038968, 1.0), Point(8.516050622038968, 1.0), Point(8.516050622038968, 1.0), Point(8.516050622038968, 1.0), Point(8.516050622038968, 1.0), Point(8.516050622038968, 1.0)) // 1 shrink
  )
Init Seed: -3626821070675968475" type="org.scalatest.exceptions.GeneratorDrivenPropertyCheckFailedException">org.scalatest.exceptions.GeneratorDrivenPropertyCheckFailedException: GeneratorDrivenPropertyCheckFailedException was thrown during property evaluation.
 (Approximation.scala:74)
  Falsified after 5 successful property evaluations.
  Location: (Approximation.scala:74)
  Occurred when passed generated values (
    arg0 = List(Point(8.516050622038968, 1.0), Point(8.516050622038968, 1.0), Point(8.516050622038968, 1.0), Point(8.516050622038968, 1.0), Point(8.516050622038968, 1.0), Point(8.516050622038968, 1.0), Point(8.516050622038968, 1.0), Point(8.516050622038968, 1.0), Point(8.516050622038968, 1.0)) // 1 shrink
  )
Init Seed: -3626821070675968475
	at org.scalatestplus.scalacheck.CheckerAsserting$$anon$2.indicateFailure(CheckerAsserting.scala:255)
	at org.scalatestplus.scalacheck.CheckerAsserting$$anon$2.indicateFailure(CheckerAsserting.scala:246)
	at org.scalatestplus.scalacheck.UnitCheckerAsserting$CheckerAssertingImpl.check(CheckerAsserting.scala:141)
	at org.scalatestplus.scalacheck.Checkers.check(Checkers.scala:371)
	at org.scalatestplus.scalacheck.Checkers.check$(Checkers.scala:225)
	at solver.approximation.Approximation.check(Approximation.scala:11)
	at solver.approximation.Approximation.testFun$proxy5$1(Approximation.scala:74)
	at solver.approximation.Approximation.$init$$$anonfun$6(Approximation.scala:65)
	at org.scalatest.Transformer.apply$$anonfun$1(Transformer.scala:22)
	at org.scalatest.OutcomeOf.outcomeOf(OutcomeOf.scala:85)
	at org.scalatest.OutcomeOf.outcomeOf$(OutcomeOf.scala:31)
	at org.scalatest.OutcomeOf$.outcomeOf(OutcomeOf.scala:104)
	at org.scalatest.Transformer.apply(Transformer.scala:22)
	at org.scalatest.Transformer.apply(Transformer.scala:21)
	at org.scalatest.propspec.AnyPropSpecLike$$anon$1.apply(AnyPropSpecLike.scala:204)
	at org.scalatest.TestSuite.withFixture(TestSuite.scala:196)
	at org.scalatest.TestSuite.withFixture$(TestSuite.scala:138)
	at org.scalatest.propspec.AnyPropSpec.withFixture(AnyPropSpec.scala:875)
	at org.scalatest.propspec.AnyPropSpecLike.invokeWithFixture$1(AnyPropSpecLike.scala:210)
	at org.scalatest.propspec.AnyPropSpecLike.runTest$$anonfun$1(AnyPropSpecLike.scala:214)
	at org.scalatest.SuperEngine.runTestImpl(Engine.scala:306)
	at org.scalatest.propspec.AnyPropSpecLike.runTest(AnyPropSpecLike.scala:214)
	at org.scalatest.propspec.AnyPropSpecLike.runTest$(AnyPropSpecLike.scala:45)
	at org.scalatest.propspec.AnyPropSpec.runTest(AnyPropSpec.scala:875)
	at org.scalatest.propspec.AnyPropSpecLike.runTests$$anonfun$1(AnyPropSpecLike.scala:247)
	at org.scalatest.SuperEngine.traverseSubNodes$1$$anonfun$1(Engine.scala:413)
	at scala.runtime.function.JProcedure1.apply(JProcedure1.java:15)
	at scala.runtime.function.JProcedure1.apply(JProcedure1.java:10)
	at scala.collection.immutable.List.foreach(List.scala:333)
	at org.scalatest.SuperEngine.traverseSubNodes$1(Engine.scala:429)
	at org.scalatest.SuperEngine.runTestsInBranch(Engine.scala:396)
	at org.scalatest.SuperEngine.runTestsImpl(Engine.scala:475)
	at org.scalatest.propspec.AnyPropSpecLike.runTests(AnyPropSpecLike.scala:247)
	at org.scalatest.propspec.AnyPropSpecLike.runTests$(AnyPropSpecLike.scala:45)
	at org.scalatest.propspec.AnyPropSpec.runTests(AnyPropSpec.scala:875)
	at org.scalatest.Suite.run(Suite.scala:1114)
	at org.scalatest.Suite.run$(Suite.scala:564)
	at org.scalatest.propspec.AnyPropSpec.org$scalatest$propspec$AnyPropSpecLike$$super$run(AnyPropSpec.scala:875)
	at org.scalatest.propspec.AnyPropSpecLike.run$$anonfun$1(AnyPropSpecLike.scala:251)
	at org.scalatest.SuperEngine.runImpl(Engine.scala:535)
	at org.scalatest.propspec.AnyPropSpecLike.run(AnyPropSpecLike.scala:251)
	at org.scalatest.propspec.AnyPropSpecLike.run$(AnyPropSpecLike.scala:45)
	at org.scalatest.propspec.AnyPropSpec.run(AnyPropSpec.scala:875)
	at org.scalatest.tools.Framework.org$scalatest$tools$Framework$$runSuite(Framework.scala:321)
	at org.scalatest.tools.Framework$ScalaTestTask.execute(Framework.scala:517)
	at sbt.TestRunner.runTest$1(TestFramework.scala:153)
	at sbt.TestRunner.run(TestFramework.scala:168)
	at sbt.TestFramework$$anon$3$$anonfun$$lessinit$greater$1.$anonfun$apply$1(TestFramework.scala:336)
	at sbt.TestFramework$.sbt$TestFramework$$withContextLoader(TestFramework.scala:296)
	at sbt.TestFramework$$anon$3$$anonfun$$lessinit$greater$1.apply(TestFramework.scala:336)
	at sbt.TestFramework$$anon$3$$anonfun$$lessinit$greater$1.apply(TestFramework.scala:336)
	at sbt.TestFunction.apply(TestFramework.scala:348)
	at sbt.Tests$.$anonfun$toTask$1(Tests.scala:436)
	at sbt.std.Transform$$anon$3.$anonfun$apply$2(Transform.scala:47)
	at sbt.std.Transform$$anon$4.work(Transform.scala:69)
	at sbt.Execute.$anonfun$submit$2(Execute.scala:283)
	at sbt.internal.util.ErrorHandling$.wideConvert(ErrorHandling.scala:24)
	at sbt.Execute.work(Execute.scala:292)
	at sbt.Execute.$anonfun$submit$1(Execute.scala:283)
	at sbt.ConcurrentRestrictions$$anon$4.$anonfun$submitValid$1(ConcurrentRestrictions.scala:265)
	at sbt.CompletionService$$anon$2.call(CompletionService.scala:65)
	at java.base/java.util.concurrent.FutureTask.run(FutureTask.java:264)
	at java.base/java.util.concurrent.Executors$RunnableAdapter.call(Executors.java:539)
	at java.base/java.util.concurrent.FutureTask.run(FutureTask.java:264)
	at java.base/java.util.concurrent.ThreadPoolExecutor.runWorker(ThreadPoolExecutor.java:1136)
	at java.base/java.util.concurrent.ThreadPoolExecutor$Worker.run(ThreadPoolExecutor.java:635)
	at java.base/java.lang.Thread.run(Thread.java:840)
</failure>
                    </testcase>
          <system-out><![CDATA[]]></system-out>
          <system-err><![CDATA[]]></system-err>
        </testsuite>